<?xml version="1.0" encoding="UTF-8"?>
<!-- Generated by org.testng.reporters.JUnitReportReporter -->
<testsuite hostname="SAIAPARNA" failures="0" tests="1" name="Testing.TestingNG" time="5.486" errors="0" timestamp="2025-04-01T17:23:31 GMT-05:00" skipped="0">
  <testcase classname="Testing.TestingNG" name="testDropdown" time="5.486"/>
</testsuite> <!-- Testing.TestingNG -->
