<?xml version="1.0" encoding="UTF-8"?>
<!-- Generated by org.testng.reporters.JUnitReportReporter -->
<testsuite hostname="SAIAPARNA" failures="0" tests="1" name="GBIT.SingUp" time="8.787" errors="0" timestamp="2025-04-01T18:10:47 GMT-05:00" skipped="0">
  <testcase classname="GBIT.SingUp" name="testSignUp" time="8.787"/>
</testsuite> <!-- GBIT.SingUp -->
