<?xml version="1.0" encoding="UTF-8"?>
<!-- Generated by org.testng.reporters.JUnitReportReporter -->
<testsuite hostname="SAIAPARNA" failures="0" tests="1" name="GBIT.SaveProp" time="7.472" errors="0" timestamp="2025-04-01T18:14:23 GMT-05:00" skipped="0">
  <testcase classname="GBIT.SaveProp" name="testSignUp" time="7.472"/>
</testsuite> <!-- GBIT.SaveProp -->
