<?xml version="1.0" encoding="UTF-8"?>
<!-- Generated by org.testng.reporters.JUnitReportReporter -->
<testsuite hostname="SAIAPARNA" failures="0" tests="1" name="Testing.TestingNG" time="4.875" errors="0" timestamp="2025-04-01T12:24:37 GMT-05:00" skipped="0">
  <testcase classname="Testing.TestingNG" name="testDropdown" time="4.875"/>
</testsuite> <!-- Testing.TestingNG -->
